mode: atomic
golang-lua-integration/cmd/app/main.go:9.13,13.2 3 0
golang-lua-integration/internal/di/di.go:15.52,23.67 1 0
golang-lua-integration/internal/di/di.go:23.67,26.6 2 0
golang-lua-integration/internal/di/di.go:31.67,34.6 2 0
golang-lua-integration/internal/di/di.go:39.2,41.3 1 0
golang-lua-integration/internal/di/di.go:44.71,46.2 1 0
golang-lua-integration/internal/util/util.go:8.37,10.16 2 4
golang-lua-integration/internal/util/util.go:10.16,13.3 2 0
golang-lua-integration/internal/util/util.go:14.2,14.20 1 4
golang-lua-integration/internal/di/di.go:15.52,23.67 1 0
golang-lua-integration/internal/di/di.go:23.67,26.6 2 0
golang-lua-integration/internal/di/di.go:31.67,34.6 2 0
golang-lua-integration/internal/di/di.go:39.2,41.3 1 0
golang-lua-integration/internal/di/di.go:44.71,46.2 1 0
golang-lua-integration/cmd/app/main.go:9.13,13.2 3 0
